<?xml version="1.0" encoding="UTF-8"?>
<testng-results skipped="0" failed="0" ignored="0" total="2" passed="2">
  <reporter-output>
  </reporter-output>
  <suite name="Default suite" duration-ms="3602" started-at="2022-04-05T10:27:33Z" finished-at="2022-04-05T10:27:37Z">
    <groups>
      <group name="CI">
        <method signature="TestNewExamQuestion.testAddNewExamPaper()[pri:1, instance:exam.cases.TestNewExamQuestion@4206a205]" name="testAddNewExamPaper" class="exam.cases.TestNewExamQuestion"/>
        <method signature="TestNewExamQuestion.testDeleteNewExamQuestionBank()[pri:6, instance:exam.cases.TestNewExamQuestion@4206a205]" name="testDeleteNewExamQuestionBank" class="exam.cases.TestNewExamQuestion"/>
      </group> <!-- CI -->
    </groups>
    <test name="Default test" duration-ms="3602" started-at="2022-04-05T10:27:33Z" finished-at="2022-04-05T10:27:37Z">
      <class name="exam.cases.TestNewExamQuestion">
        <test-method status="PASS" signature="setUp()[pri:0, instance:exam.cases.TestNewExamQuestion@4206a205]" name="setUp" is-config="true" duration-ms="2479" started-at="2022-04-05T18:27:33Z" finished-at="2022-04-05T18:27:36Z">
          <reporter-output>
          </reporter-output>
        </test-method> <!-- setUp -->
        <test-method status="PASS" signature="testAddNewExamPaper()[pri:1, instance:exam.cases.TestNewExamQuestion@4206a205]" name="testAddNewExamPaper" duration-ms="696" started-at="2022-04-05T18:27:36Z" description="add new exam question bank" finished-at="2022-04-05T18:27:37Z">
          <reporter-output>
          </reporter-output>
        </test-method> <!-- testAddNewExamPaper -->
        <test-method status="PASS" signature="testDeleteNewExamQuestionBank()[pri:6, instance:exam.cases.TestNewExamQuestion@4206a205]" name="testDeleteNewExamQuestionBank" duration-ms="327" started-at="2022-04-05T18:27:37Z" description="delete new created exam question bank" finished-at="2022-04-05T18:27:37Z">
          <reporter-output>
          </reporter-output>
        </test-method> <!-- testDeleteNewExamQuestionBank -->
      </class> <!-- exam.cases.TestNewExamQuestion -->
    </test> <!-- Default test -->
  </suite> <!-- Default suite -->
</testng-results>
